actionid: py27
msg: getenv
cmdargs: ['/Users/doombot/github/twpybot/.tox/py27/bin/pip', 'install', 'pytest', 'pytest-cov', 'cleverbot', 'playsound', 'requests', 'flake8-putty', 'flake8==2.*', 'pep8-naming']
env: {'TERM_PROGRAM_VERSION': '3.0.13', 'LOGNAME': 'doombot', 'USER': 'doombot', 'HOME': '/Users/doombot', 'PATH': '/Users/doombot/github/twpybot/.tox/py27/bin:/usr/local/bin:/usr/bin:/bin:/usr/sbin:/sbin:/Users/doombot/bin:/Users/doombot/bin', 'PS1': '\\h:\\W \\u\\$ ', 'TERM_PROGRAM': 'iTerm.app', 'LANG': 'en_US.UTF-8', 'TERM': 'screen', 'Apple_PubSub_Socket_Render': '/private/tmp/com.apple.launchd.gDHceGPZNB/Render', 'COLORFGBG': '7;0', 'SHLVL': '2', 'SECURITYSESSIONID': '186a7', 'XPC_FLAGS': '0x0', 'ITERM_SESSION_ID': 'w0t0p0:069AA62B-E423-4B5F-B12B-17464A4810A5', 'PYTHONHASHSEED': '3256353095', 'TMPDIR': '/var/folders/gt/mxpwgpvn03704vn6w5cw3m_r0000gn/T/', 'ITERM_ORIG_PS1': '\\h:\\W \\u\\$ ', 'TERM_SESSION_ID': 'w0t0p0:069AA62B-E423-4B5F-B12B-17464A4810A5', 'XPC_SERVICE_NAME': '0', 'PYTHONPATH': '/Users/doombot/github/twpybot', 'SSH_AUTH_SOCK': '/private/tmp/com.apple.launchd.jXSkY52tGX/Listeners', 'VIRTUAL_ENV': '/Users/doombot/github/twpybot/.tox/py27', 'TMUX': '/private/tmp/tmux-501/default,2427,0', 'SHELL': '/bin/bash', 'ITERM_PROFILE': 'Default', '_': '/usr/local/bin/tox', 'OLDPWD': '/Users/doombot/github/twpybot/twpybot', '__CF_USER_TEXT_ENCODING': '0x1F5:0x0:0x0', 'PWD': '/Users/doombot/github/twpybot', 'TMUX_PANE': '%0', 'ITERM_PREV_PS1': '\\[\x1b]133;D;$?\x07\x1b]1337;RemoteHost=doombot@doombot.fritz.box\x07\x1b]1337;CurrentDir=/Users/doombot/github/twpybot\x07\x1b]133;A\x07\\]\\h:\\W \\u\\$ \\[\x1b]133;B\x07\\]', 'COMMAND_MODE': 'unix2003'}

Collecting pytest
  Using cached pytest-3.0.6-py2.py3-none-any.whl
Collecting pytest-cov
  Using cached pytest_cov-2.4.0-py2.py3-none-any.whl
Collecting cleverbot
Collecting playsound
Collecting requests
  Using cached requests-2.13.0-py2.py3-none-any.whl
Collecting flake8-putty
Collecting flake8==2.*
  Using cached flake8-2.6.2-py2.py3-none-any.whl
Collecting pep8-naming
  Using cached pep8_naming-0.4.1-py2.py3-none-any.whl
Requirement already satisfied: setuptools in ./.tox/py27/lib/python2.7/site-packages (from pytest)
Collecting py>=1.4.29 (from pytest)
  Using cached py-1.4.32-py2.py3-none-any.whl
Collecting coverage>=3.7.1 (from pytest-cov)
  Downloading coverage-4.3.4-cp27-cp27m-macosx_10_10_x86_64.whl (168kB)
Collecting future (from cleverbot)
Requirement already satisfied: packaging>=16.0 in ./.tox/py27/lib/python2.7/site-packages (from flake8-putty)
Collecting mccabe<0.6,>=0.2.1 (from flake8==2.*)
  Using cached mccabe-0.5.3-py2.py3-none-any.whl
Collecting pycodestyle<2.1,>=2.0 (from flake8==2.*)
  Using cached pycodestyle-2.0.0-py2.py3-none-any.whl
Collecting pyflakes!=1.2.0,!=1.2.1,!=1.2.2,<1.3,>=0.8.1 (from flake8==2.*)
  Using cached pyflakes-1.2.3-py2.py3-none-any.whl
Requirement already satisfied: six>=1.6.0 in ./.tox/py27/lib/python2.7/site-packages (from setuptools->pytest)
Requirement already satisfied: appdirs>=1.4.0 in ./.tox/py27/lib/python2.7/site-packages (from setuptools->pytest)
Requirement already satisfied: pyparsing in ./.tox/py27/lib/python2.7/site-packages (from packaging>=16.0->flake8-putty)
Installing collected packages: py, pytest, coverage, pytest-cov, future, requests, cleverbot, playsound, mccabe, pycodestyle, pyflakes, flake8, flake8-putty, pep8-naming
Successfully installed cleverbot-2.0.0 coverage-4.3.4 flake8-2.6.2 flake8-putty-0.4.0 future-0.16.0 mccabe-0.5.3 pep8-naming-0.4.1 playsound-1.2.1 py-1.4.32 pycodestyle-2.0.0 pyflakes-1.2.3 pytest-3.0.6 pytest-cov-2.4.0 requests-2.13.0
