actionid: py27
msg: envreport
cmdargs: ['/Users/doombot/github/twpybot/.tox/py27/bin/pip', 'freeze']
env: {'TERM_PROGRAM_VERSION': '3.0.13', 'LOGNAME': 'doombot', 'USER': 'doombot', 'HOME': '/Users/doombot', 'PATH': '/Users/doombot/github/twpybot/.tox/py27/bin:/usr/local/bin:/usr/bin:/bin:/usr/sbin:/sbin:/Users/doombot/bin:/Users/doombot/bin', 'PS1': '\\h:\\W \\u\\$ ', 'TERM_PROGRAM': 'iTerm.app', 'LANG': 'en_US.UTF-8', 'TERM': 'screen', 'Apple_PubSub_Socket_Render': '/private/tmp/com.apple.launchd.gDHceGPZNB/Render', 'COLORFGBG': '7;0', 'SHLVL': '2', 'SECURITYSESSIONID': '186a7', 'XPC_FLAGS': '0x0', 'ITERM_SESSION_ID': 'w0t0p0:069AA62B-E423-4B5F-B12B-17464A4810A5', 'PYTHONHASHSEED': '4220464852', 'TMPDIR': '/var/folders/gt/mxpwgpvn03704vn6w5cw3m_r0000gn/T/', 'ITERM_ORIG_PS1': '\\h:\\W \\u\\$ ', 'TERM_SESSION_ID': 'w0t0p0:069AA62B-E423-4B5F-B12B-17464A4810A5', 'XPC_SERVICE_NAME': '0', 'PYTHONPATH': '/Users/doombot/github/twpybot', 'SSH_AUTH_SOCK': '/private/tmp/com.apple.launchd.jXSkY52tGX/Listeners', 'VIRTUAL_ENV': '/Users/doombot/github/twpybot/.tox/py27', 'TMUX': '/private/tmp/tmux-501/default,2427,0', 'SHELL': '/bin/bash', 'ITERM_PROFILE': 'Default', '_': '/usr/local/bin/tox', '__CF_USER_TEXT_ENCODING': '0x1F5:0x0:0x0', 'PWD': '/Users/doombot/github/twpybot', 'TMUX_PANE': '%3', 'CONFIG': './.twpybot.test', 'ITERM_PREV_PS1': '\\[\x1b]133;D;$?\x07\x1b]1337;RemoteHost=doombot@doombot.fritz.box\x07\x1b]1337;CurrentDir=/Users/doombot/github/twpybot\x07\x1b]133;A\x07\\]\\h:\\W \\u\\$ \\[\x1b]133;B\x07\\]', 'COMMAND_MODE': 'unix2003'}

appdirs==1.4.0
cleverbot==2.0.0
coverage==4.3.4
flake8==2.6.2
flake8-putty==0.4.0
future==0.16.0
mccabe==0.5.3
packaging==16.8
pep8-naming==0.4.1
playsound==1.2.1
py==1.4.32
pycodestyle==2.0.0
pyflakes==1.2.3
pyparsing==2.1.10
pytest==3.0.6
pytest-cov==2.4.0
requests==2.13.0
six==1.10.0
